1000 0 1 /mnt/c/Users/Manolis/Documents/GitHub/HRY414-assignments/4/code/file_0 d41d8cd98f00b204e9800998ecf8427e 1605460774
1001 2 1 /mnt/c/Users/Manolis/Documents/GitHub/HRY414-assignments/4/code/file_0 5e4684dab9df1de7d748ebd81743c73e 1605460774
1002 2 1 /mnt/c/Users/Manolis/Documents/GitHub/HRY414-assignments/4/code/file_0 df9fbbb4d74481da60a5cecba1db893a 1605460774
1000 0 1 /mnt/c/Users/Manolis/Documents/GitHub/HRY414-assignments/4/code/file_0 d41d8cd98f00b204e9800998ecf8427e 1605460774
1000 0 1 /mnt/c/Users/Manolis/Documents/GitHub/HRY414-assignments/4/code/file_0 d41d8cd98f00b204e9800998ecf8427e 1605460774
1001 2 0 /mnt/c/Users/Manolis/Documents/GitHub/HRY414-assignments/4/code/file_0 5e4684dab9df1de7d748ebd81743c73e 1605460774
1002 2 0 /mnt/c/Users/Manolis/Documents/GitHub/HRY414-assignments/4/code/file_0 df9fbbb4d74481da60a5cecba1db893a 1605460774
1000 0 0 /mnt/c/Users/Manolis/Documents/GitHub/HRY414-assignments/4/code/file_0 d41d8cd98f00b204e9800998ecf8427e 1605460774
1000 0 0 /mnt/c/Users/Manolis/Documents/GitHub/HRY414-assignments/4/code/file_0 d41d8cd98f00b204e9800998ecf8427e 1605460774
1001 2 0 /mnt/c/Users/Manolis/Documents/GitHub/HRY414-assignments/4/code/file_0 5e4684dab9df1de7d748ebd81743c73e 1605460774
1002 2 0 /mnt/c/Users/Manolis/Documents/GitHub/HRY414-assignments/4/code/file_0 df9fbbb4d74481da60a5cecba1db893a 1605460774
1000 0 1 /mnt/c/Users/Manolis/Documents/GitHub/HRY414-assignments/4/code/file_0 d41d8cd98f00b204e9800998ecf8427e 1605460774
1000 0 1 /mnt/c/Users/Manolis/Documents/GitHub/HRY414-assignments/4/code/file_0 d41d8cd98f00b204e9800998ecf8427e 1605460774
1001 2 0 /mnt/c/Users/Manolis/Documents/GitHub/HRY414-assignments/4/code/file_0 5e4684dab9df1de7d748ebd81743c73e 1605460774
1002 2 0 /mnt/c/Users/Manolis/Documents/GitHub/HRY414-assignments/4/code/file_0 df9fbbb4d74481da60a5cecba1db893a 1605460774
1000 0 0 /mnt/c/Users/Manolis/Documents/GitHub/HRY414-assignments/4/code/file_0 d41d8cd98f00b204e9800998ecf8427e 1605460774
1000 0 0 /mnt/c/Users/Manolis/Documents/GitHub/HRY414-assignments/4/code/file_0 d41d8cd98f00b204e9800998ecf8427e 1605460774
1001 2 0 /mnt/c/Users/Manolis/Documents/GitHub/HRY414-assignments/4/code/file_0 5e4684dab9df1de7d748ebd81743c73e 1605460774
1002 2 0 /mnt/c/Users/Manolis/Documents/GitHub/HRY414-assignments/4/code/file_0 df9fbbb4d74481da60a5cecba1db893a 1605460774
1001 2 0 /mnt/c/Users/Manolis/Documents/GitHub/HRY414-assignments/4/code/file_0 5e4684dab9df1de7d748ebd81743c73e 1605460774
1002 2 0 /mnt/c/Users/Manolis/Documents/GitHub/HRY414-assignments/4/code/file_0 df9fbbb4d74481da60a5cecba1db893a 1605460774
1000 0 0 /mnt/c/Users/Manolis/Documents/GitHub/HRY414-assignments/4/code/file_0 d41d8cd98f00b204e9800998ecf8427e 1605460774
1000 0 1 /mnt/c/Users/Manolis/Documents/GitHub/HRY414-assignments/4/code/file_0 d41d8cd98f00b204e9800998ecf8427e 1605460774
1001 2 0 /mnt/c/Users/Manolis/Documents/GitHub/HRY414-assignments/4/code/file_0 5e4684dab9df1de7d748ebd81743c73e 1605460774
0 2 1 /mnt/c/Users/Manolis/Documents/GitHub/HRY414-assignments/4/code/file_0 5e4684dab9df1de7d748ebd81743c73e 1605469039
0 2 1 /mnt/c/Users/Manolis/Documents/GitHub/HRY414-assignments/4/code/file_0 4b3a42332ef97202ff6dacdb50c049de 1605469039
1001 0 1 /mnt/c/Users/Manolis/Documents/GitHub/HRY414-assignments/4/code/file_0 d41d8cd98f00b204e9800998ecf8427e 1605469673
1001 2 1 /mnt/c/Users/Manolis/Documents/GitHub/HRY414-assignments/4/code/file_0 5e4684dab9df1de7d748ebd81743c73e 1605469673
1001 2 1 /mnt/c/Users/Manolis/Documents/GitHub/HRY414-assignments/4/code/file_0 87b68400ee944fd2ee25b7b1e348fdac 1605469673
1001 0 1 /mnt/c/Users/Manolis/Documents/GitHub/HRY414-assignments/4/code/file_0 d41d8cd98f00b204e9800998ecf8427e 1605469684
1001 2 1 /mnt/c/Users/Manolis/Documents/GitHub/HRY414-assignments/4/code/file_0 5e4684dab9df1de7d748ebd81743c73e 1605469684
1001 2 1 /mnt/c/Users/Manolis/Documents/GitHub/HRY414-assignments/4/code/file_0 10a070737576a45c788b9f2b44143179 1605469684
1001 0 1 /mnt/c/Users/Manolis/Documents/GitHub/HRY414-assignments/4/code/file_0 d41d8cd98f00b204e9800998ecf8427e 1605469687
1001 2 1 /mnt/c/Users/Manolis/Documents/GitHub/HRY414-assignments/4/code/file_0 5e4684dab9df1de7d748ebd81743c73e 1605469687
1001 2 1 /mnt/c/Users/Manolis/Documents/GitHub/HRY414-assignments/4/code/file_0 89bc6ebb7d9b667aa1b9b13ae8c57bfe 1605469687
